# vsim -novopt -suppress 12110 top "+UVM_TESTNAME=apb_n_wr_rd_run_test" "+UVM_VERBOSITY=UVM_NONE" -sv_lib C:/questasim64_10.7c/uvm-1.2/win64/uvm_dpi -l comp.log 
# Start time: 16:39:49 on Sep 21,2023
# Loading C:/Users/A/AppData/Local/Temp\A@DESKTOP-QN14BKJ_dpi_10224\win64_gcc-10.3.0\export_tramp.dll
# ** Warning: (vsim-8891) All optimizations are disabled because the -novopt option is in effect. This will cause your simulation to run very slowly. If you are using this switch to preserve visibility for Debug or PLI features, please see the User's Manual section on Preserving Object Visibility with vopt. -novopt option is now deprecated and will be removed in future releases.
# Refreshing F:/UVM/final+2_apb_uvc_temp/work.top
# ** Warning: (vlog-8891) All optimizations are disabled because the -novopt option is in effect. This will cause your simulation to run very slowly. If you are using this switch to preserve visibility for Debug or PLI features, please see the User's Manual section on Preserving Object Visibility with vopt. -novopt option is now deprecated and will be removed in future releases.
# Refreshing F:/UVM/final+2_apb_uvc_temp/work.top_sv_unit
# ** Warning: (vlog-8891) All optimizations are disabled because the -novopt option is in effect. This will cause your simulation to run very slowly. If you are using this switch to preserve visibility for Debug or PLI features, please see the User's Manual section on Preserving Object Visibility with vopt. -novopt option is now deprecated and will be removed in future releases.
# Refreshing F:/UVM/final+2_apb_uvc_temp/work.uvm_pkg
# ** Warning: (vlog-8891) All optimizations are disabled because the -novopt option is in effect. This will cause your simulation to run very slowly. If you are using this switch to preserve visibility for Debug or PLI features, please see the User's Manual section on Preserving Object Visibility with vopt. -novopt option is now deprecated and will be removed in future releases.
# Loading sv_std.std
# Loading work.uvm_pkg
# Loading work.top_sv_unit
# ** Note: (vsim-8785) UVM-aware debugging capabilities will be disabled since no compiled "questa_uvm_pkg" can be found.
# This also means that later if you turn on UVM-aware debugging your debug simulations may have
# different random seeds from your non-debug simulations.
# Loading work.top
# Refreshing F:/UVM/final+2_apb_uvc_temp/work.apb_intf
# ** Warning: (vlog-8891) All optimizations are disabled because the -novopt option is in effect. This will cause your simulation to run very slowly. If you are using this switch to preserve visibility for Debug or PLI features, please see the User's Manual section on Preserving Object Visibility with vopt. -novopt option is now deprecated and will be removed in future releases.
# Loading work.apb_intf
# Refreshing F:/UVM/final+2_apb_uvc_temp/work.apb_slave
# ** Warning: (vlog-8891) All optimizations are disabled because the -novopt option is in effect. This will cause your simulation to run very slowly. If you are using this switch to preserve visibility for Debug or PLI features, please see the User's Manual section on Preserving Object Visibility with vopt. -novopt option is now deprecated and will be removed in future releases.
# Loading work.apb_slave
# ** Warning: (vsim-3764) Stand-alone call to function 'read_by_name' treated as implicit void cast.
#    Time: 0 ns  Iteration: 0  Region: /top_sv_unit File: apb_mon.sv Line: 15
# ** Warning: (vsim-3764) Stand-alone call to function 'read_by_type' treated as implicit void cast.
#    Time: 0 ns  Iteration: 0  Region: /top_sv_unit::apb_n_wr_n_rd_seq File: apb_seq_lib.sv Line: 61
# ** Warning: (vsim-3764) Stand-alone call to function 'read_by_name' treated as implicit void cast.
#    Time: 0 ns  Iteration: 0  Region: /top_sv_unit::apb_n_wr_rd_seq File: apb_seq_lib.sv Line: 90
# ** Warning: (vsim-3764) Stand-alone call to function 'read_by_name' treated as implicit void cast.
#    Time: 0 ns  Iteration: 0  Region: /top_sv_unit::apb_drv File: apb_drv.sv Line: 13
# Compiling C:/Users/A/AppData/Local/Temp\A@DESKTOP-QN14BKJ_dpi_10224\win64_gcc-10.3.0\exportwrapper.c
# Loading C:/Users/A/AppData/Local/Temp\A@DESKTOP-QN14BKJ_dpi_10224\win64_gcc-10.3.0\vsim_auto_compile.dll
# Loading C:/questasim64_10.7c/uvm-1.2/win64/uvm_dpi.dll
# UVM_INFO F:/uvm_source_code/uvm-1.2/src/base/uvm_root.svh(392) @ 0: reporter [UVM/RELNOTES] 
# ----------------------------------------------------------------
# UVM-1.2
# (C) 2007-2014 Mentor Graphics Corporation
# (C) 2007-2014 Cadence Design Systems, Inc.
# (C) 2006-2014 Synopsys, Inc.
# (C) 2011-2013 Cypress Semiconductor Corp.
# (C) 2013-2014 NVIDIA Corporation
# ----------------------------------------------------------------
# 
#   ***********       IMPORTANT RELEASE NOTES         ************
# 
#   You are using a version of the UVM library that has been compiled
#   with `UVM_NO_DEPRECATED undefined.
#   See http://www.eda.org/svdb/view.php?id=3313 for more details.
# 
#   You are using a version of the UVM library that has been compiled
#   with `UVM_OBJECT_DO_NOT_NEED_CONSTRUCTOR undefined.
#   See http://www.eda.org/svdb/view.php?id=3770 for more details.
# 
#       (Specify +UVM_NO_RELNOTES to turn off this notice)
# 
# apb_env::build_phase
# apb_agent::build_phase
# apb_drv::build_phase
# apb_agent::connect_phase
# UVM_INFO F:/uvm_source_code/uvm-1.2/src/base/uvm_root.svh(579) @ 0: reporter [UVMTOP] UVM testbench topology:
# --------------------------------------------------------------
# Name                       Type                    Size  Value
# --------------------------------------------------------------
# uvm_test_top               apb_n_wr_rd_run_test    -     @338 
#   env                      apb_env                 -     @349 
#     agent                  apb_agent               -     @358 
#       cov                  apb_cov                 -     @542 
#         analysis_imp       uvm_analysis_imp        -     @551 
#       drv                  apb_drv                 -     @367 
#         rsp_port           uvm_analysis_port       -     @386 
#         seq_item_port      uvm_seq_item_pull_port  -     @376 
#       mon                  apb_mon                 -     @533 
#         ap_port            uvm_analysis_port       -     @562 
#       sqr                  uvm_sequencer           -     @396 
#         rsp_export         uvm_analysis_export     -     @405 
#         seq_item_export    uvm_seq_item_pull_imp   -     @523 
#         arbitration_queue  array                   0     -    
#         lock_queue         array                   0     -    
#         num_last_reqs      integral                32    'd1  
#         num_last_rsps      integral                32    'd1  
# --------------------------------------------------------------
# 
# ---------------------------------------------------------------------------------
# Name                           Type      Size  Value                             
# ---------------------------------------------------------------------------------
# req                            apb_tx    -     @611                              
#   addr                         integral  6     'h11                              
#   data                         integral  32    'h405bfdb0                        
#   wr_rd                        integral  1     'h1                               
#   begin_time                   time      64    0                                 
#   depth                        int       32    'd3                               
#   parent sequence (name)       string    3     seq                               
#   parent sequence (full name)  string    34    uvm_test_top.env.agent.sqr.seq.seq
#   sequencer                    string    26    uvm_test_top.env.agent.sqr        
# ---------------------------------------------------------------------------------
# ---------------------------------------------------------------------------------
# Name                           Type      Size  Value                             
# ---------------------------------------------------------------------------------
# req                            apb_tx    -     @644                              
#   addr                         integral  6     'h11                              
#   data                         integral  32    'h9f0c3e31                        
#   wr_rd                        integral  1     'h0                               
#   begin_time                   time      64    45                                
#   depth                        int       32    'd3                               
#   parent sequence (name)       string    3     seq                               
#   parent sequence (full name)  string    34    uvm_test_top.env.agent.sqr.seq.seq
#   sequencer                    string    26    uvm_test_top.env.agent.sqr        
# ---------------------------------------------------------------------------------
# ---------------------------------------------------------------------------------
# Name                           Type      Size  Value                             
# ---------------------------------------------------------------------------------
# req                            apb_tx    -     @660                              
#   addr                         integral  6     'h34                              
#   data                         integral  32    'h46bdd803                        
#   wr_rd                        integral  1     'h1                               
#   begin_time                   time      64    85                                
#   depth                        int       32    'd3                               
#   parent sequence (name)       string    3     seq                               
#   parent sequence (full name)  string    34    uvm_test_top.env.agent.sqr.seq.seq
#   sequencer                    string    26    uvm_test_top.env.agent.sqr        
# ---------------------------------------------------------------------------------
# ---------------------------------------------------------------------------------
# Name                           Type      Size  Value                             
# ---------------------------------------------------------------------------------
# req                            apb_tx    -     @668                              
#   addr                         integral  6     'h34                              
#   data                         integral  32    'h1f7b3f1d                        
#   wr_rd                        integral  1     'h0                               
#   begin_time                   time      64    125                               
#   depth                        int       32    'd3                               
#   parent sequence (name)       string    3     seq                               
#   parent sequence (full name)  string    34    uvm_test_top.env.agent.sqr.seq.seq
#   sequencer                    string    26    uvm_test_top.env.agent.sqr        
# ---------------------------------------------------------------------------------
# ---------------------------------------------------------------------------------
# Name                           Type      Size  Value                             
# ---------------------------------------------------------------------------------
# req                            apb_tx    -     @684                              
#   addr                         integral  6     'he                               
#   data                         integral  32    'h9b1e4b2e                        
#   wr_rd                        integral  1     'h1                               
#   begin_time                   time      64    165                               
#   depth                        int       32    'd3                               
#   parent sequence (name)       string    3     seq                               
#   parent sequence (full name)  string    34    uvm_test_top.env.agent.sqr.seq.seq
#   sequencer                    string    26    uvm_test_top.env.agent.sqr        
# ---------------------------------------------------------------------------------
# ---------------------------------------------------------------------------------
# Name                           Type      Size  Value                             
# ---------------------------------------------------------------------------------
# req                            apb_tx    -     @692                              
#   addr                         integral  6     'he                               
#   data                         integral  32    'he9e80f0b                        
#   wr_rd                        integral  1     'h0                               
#   begin_time                   time      64    205                               
#   depth                        int       32    'd3                               
#   parent sequence (name)       string    3     seq                               
#   parent sequence (full name)  string    34    uvm_test_top.env.agent.sqr.seq.seq
#   sequencer                    string    26    uvm_test_top.env.agent.sqr        
# ---------------------------------------------------------------------------------
# ** Note: $finish    : F:/uvm_source_code/uvm-1.2/src/base/uvm_root.svh(517)
#    Time: 345 ns  Iteration: 67  Instance: /top
# 1
# Break in Task uvm_pkg/uvm_root::run_test at F:/uvm_source_code/uvm-1.2/src/base/uvm_root.svh line 517
do run.do
# QuestaSim-64 vlog 10.7c Compiler 2018.08 Aug 18 2018
# Start time: 16:41:47 on Sep 21,2023
# vlog -reportprogress 300 "+incdir+F:/uvm_source_code/uvm-1.2/src" top.sv 
# -- Compiling package uvm_pkg
# -- Compiling package top_sv_unit
# -- Importing package uvm_pkg
# -- Compiling interface apb_intf
# -- Compiling module apb_slave
# -- Compiling module top
# 
# Top level modules:
# 	top
# End time: 16:41:49 on Sep 21,2023, Elapsed time: 0:00:02
# Errors: 0, Warnings: 0
# End time: 16:41:51 on Sep 21,2023, Elapsed time: 0:02:02
# Errors: 0, Warnings: 5
# vsim -novopt -suppress 12110 top "+UVM_TESTNAME=apb_n_wr_rd_run_test" "+UVM_VERBOSITY=UVM_NONE" -sv_lib C:/questasim64_10.7c/uvm-1.2/win64/uvm_dpi -l comp.log 
# Start time: 16:41:51 on Sep 21,2023
# Loading C:/Users/A/AppData/Local/Temp\A@DESKTOP-QN14BKJ_dpi_10192\win64_gcc-10.3.0\export_tramp.dll
# ** Warning: (vsim-8891) All optimizations are disabled because the -novopt option is in effect. This will cause your simulation to run very slowly. If you are using this switch to preserve visibility for Debug or PLI features, please see the User's Manual section on Preserving Object Visibility with vopt. -novopt option is now deprecated and will be removed in future releases.
# Refreshing F:/UVM/final+2_apb_uvc_temp/work.top
# ** Warning: (vlog-8891) All optimizations are disabled because the -novopt option is in effect. This will cause your simulation to run very slowly. If you are using this switch to preserve visibility for Debug or PLI features, please see the User's Manual section on Preserving Object Visibility with vopt. -novopt option is now deprecated and will be removed in future releases.
# Refreshing F:/UVM/final+2_apb_uvc_temp/work.top_sv_unit
# ** Warning: (vlog-8891) All optimizations are disabled because the -novopt option is in effect. This will cause your simulation to run very slowly. If you are using this switch to preserve visibility for Debug or PLI features, please see the User's Manual section on Preserving Object Visibility with vopt. -novopt option is now deprecated and will be removed in future releases.
# Refreshing F:/UVM/final+2_apb_uvc_temp/work.uvm_pkg
# ** Warning: (vlog-8891) All optimizations are disabled because the -novopt option is in effect. This will cause your simulation to run very slowly. If you are using this switch to preserve visibility for Debug or PLI features, please see the User's Manual section on Preserving Object Visibility with vopt. -novopt option is now deprecated and will be removed in future releases.
# Loading sv_std.std
# Loading work.uvm_pkg
# Loading work.top_sv_unit
# ** Note: (vsim-8785) UVM-aware debugging capabilities will be disabled since no compiled "questa_uvm_pkg" can be found.
# This also means that later if you turn on UVM-aware debugging your debug simulations may have
# different random seeds from your non-debug simulations.
# Loading work.top
# Refreshing F:/UVM/final+2_apb_uvc_temp/work.apb_intf
# ** Warning: (vlog-8891) All optimizations are disabled because the -novopt option is in effect. This will cause your simulation to run very slowly. If you are using this switch to preserve visibility for Debug or PLI features, please see the User's Manual section on Preserving Object Visibility with vopt. -novopt option is now deprecated and will be removed in future releases.
# Loading work.apb_intf
# Refreshing F:/UVM/final+2_apb_uvc_temp/work.apb_slave
# ** Warning: (vlog-8891) All optimizations are disabled because the -novopt option is in effect. This will cause your simulation to run very slowly. If you are using this switch to preserve visibility for Debug or PLI features, please see the User's Manual section on Preserving Object Visibility with vopt. -novopt option is now deprecated and will be removed in future releases.
# Loading work.apb_slave
# ** Warning: (vsim-3764) Stand-alone call to function 'read_by_name' treated as implicit void cast.
#    Time: 0 ns  Iteration: 0  Region: /top_sv_unit File: apb_mon.sv Line: 15
# ** Warning: (vsim-3764) Stand-alone call to function 'read_by_type' treated as implicit void cast.
#    Time: 0 ns  Iteration: 0  Region: /top_sv_unit::apb_n_wr_n_rd_seq File: apb_seq_lib.sv Line: 61
# ** Warning: (vsim-3764) Stand-alone call to function 'read_by_name' treated as implicit void cast.
#    Time: 0 ns  Iteration: 0  Region: /top_sv_unit::apb_n_wr_rd_seq File: apb_seq_lib.sv Line: 90
# ** Warning: (vsim-3764) Stand-alone call to function 'read_by_name' treated as implicit void cast.
#    Time: 0 ns  Iteration: 0  Region: /top_sv_unit::apb_drv File: apb_drv.sv Line: 13
# Compiling C:/Users/A/AppData/Local/Temp\A@DESKTOP-QN14BKJ_dpi_10192\win64_gcc-10.3.0\exportwrapper.c
# Loading C:/Users/A/AppData/Local/Temp\A@DESKTOP-QN14BKJ_dpi_10192\win64_gcc-10.3.0\vsim_auto_compile.dll
# Loading C:/questasim64_10.7c/uvm-1.2/win64/uvm_dpi.dll
# UVM_INFO F:/uvm_source_code/uvm-1.2/src/base/uvm_root.svh(392) @ 0: reporter [UVM/RELNOTES] 
# ----------------------------------------------------------------
# UVM-1.2
# (C) 2007-2014 Mentor Graphics Corporation
# (C) 2007-2014 Cadence Design Systems, Inc.
# (C) 2006-2014 Synopsys, Inc.
# (C) 2011-2013 Cypress Semiconductor Corp.
# (C) 2013-2014 NVIDIA Corporation
# ----------------------------------------------------------------
# 
#   ***********       IMPORTANT RELEASE NOTES         ************
# 
#   You are using a version of the UVM library that has been compiled
#   with `UVM_NO_DEPRECATED undefined.
#   See http://www.eda.org/svdb/view.php?id=3313 for more details.
# 
#   You are using a version of the UVM library that has been compiled
#   with `UVM_OBJECT_DO_NOT_NEED_CONSTRUCTOR undefined.
#   See http://www.eda.org/svdb/view.php?id=3770 for more details.
# 
#       (Specify +UVM_NO_RELNOTES to turn off this notice)
# 
# apb_env::build_phase
# apb_agent::build_phase
# apb_drv::build_phase
# apb_agent::connect_phase
# UVM_INFO F:/uvm_source_code/uvm-1.2/src/base/uvm_root.svh(579) @ 0: reporter [UVMTOP] UVM testbench topology:
# --------------------------------------------------------------
# Name                       Type                    Size  Value
# --------------------------------------------------------------
# uvm_test_top               apb_n_wr_rd_run_test    -     @338 
#   env                      apb_env                 -     @349 
#     agent                  apb_agent               -     @358 
#       cov                  apb_cov                 -     @542 
#         analysis_imp       uvm_analysis_imp        -     @551 
#       drv                  apb_drv                 -     @367 
#         rsp_port           uvm_analysis_port       -     @386 
#         seq_item_port      uvm_seq_item_pull_port  -     @376 
#       mon                  apb_mon                 -     @533 
#         ap_port            uvm_analysis_port       -     @562 
#       sqr                  uvm_sequencer           -     @396 
#         rsp_export         uvm_analysis_export     -     @405 
#         seq_item_export    uvm_seq_item_pull_imp   -     @523 
#         arbitration_queue  array                   0     -    
#         lock_queue         array                   0     -    
#         num_last_reqs      integral                32    'd1  
#         num_last_rsps      integral                32    'd1  
# --------------------------------------------------------------
# 
# UVM_INFO apb_agent.sv(32) @ 0: uvm_test_top.env.agent [AGENT] printing the req medium info
# UVM_INFO apb_agent.sv(33) @ 0: uvm_test_top.env.agent [AGENT] printing the req low info
# UVM_INFO apb_agent.sv(34) @ 0: uvm_test_top.env.agent [AGENT] printing the req Full info
# UVM_INFO apb_agent.sv(35) @ 0: uvm_test_top.env.agent [AGENT] printing the req Debug info
# ---------------------------------------------------------------------------------
# Name                           Type      Size  Value                             
# ---------------------------------------------------------------------------------
# req                            apb_tx    -     @619                              
#   addr                         integral  6     'h11                              
#   data                         integral  32    'h405bfdb0                        
#   wr_rd                        integral  1     'h1                               
#   begin_time                   time      64    0                                 
#   depth                        int       32    'd3                               
#   parent sequence (name)       string    3     seq                               
#   parent sequence (full name)  string    34    uvm_test_top.env.agent.sqr.seq.seq
#   sequencer                    string    26    uvm_test_top.env.agent.sqr        
# ---------------------------------------------------------------------------------
# ---------------------------------------------------------------------------------
# Name                           Type      Size  Value                             
# ---------------------------------------------------------------------------------
# req                            apb_tx    -     @652                              
#   addr                         integral  6     'h11                              
#   data                         integral  32    'h9f0c3e31                        
#   wr_rd                        integral  1     'h0                               
#   begin_time                   time      64    45                                
#   depth                        int       32    'd3                               
#   parent sequence (name)       string    3     seq                               
#   parent sequence (full name)  string    34    uvm_test_top.env.agent.sqr.seq.seq
#   sequencer                    string    26    uvm_test_top.env.agent.sqr        
# ---------------------------------------------------------------------------------
# ---------------------------------------------------------------------------------
# Name                           Type      Size  Value                             
# ---------------------------------------------------------------------------------
# req                            apb_tx    -     @668                              
#   addr                         integral  6     'h34                              
#   data                         integral  32    'h46bdd803                        
#   wr_rd                        integral  1     'h1                               
#   begin_time                   time      64    85                                
#   depth                        int       32    'd3                               
#   parent sequence (name)       string    3     seq                               
#   parent sequence (full name)  string    34    uvm_test_top.env.agent.sqr.seq.seq
#   sequencer                    string    26    uvm_test_top.env.agent.sqr        
# ---------------------------------------------------------------------------------
# ---------------------------------------------------------------------------------
# Name                           Type      Size  Value                             
# ---------------------------------------------------------------------------------
# req                            apb_tx    -     @676                              
#   addr                         integral  6     'h34                              
#   data                         integral  32    'h1f7b3f1d                        
#   wr_rd                        integral  1     'h0                               
#   begin_time                   time      64    125                               
#   depth                        int       32    'd3                               
#   parent sequence (name)       string    3     seq                               
#   parent sequence (full name)  string    34    uvm_test_top.env.agent.sqr.seq.seq
#   sequencer                    string    26    uvm_test_top.env.agent.sqr        
# ---------------------------------------------------------------------------------
# ---------------------------------------------------------------------------------
# Name                           Type      Size  Value                             
# ---------------------------------------------------------------------------------
# req                            apb_tx    -     @692                              
#   addr                         integral  6     'he                               
#   data                         integral  32    'h9b1e4b2e                        
#   wr_rd                        integral  1     'h1                               
#   begin_time                   time      64    165                               
#   depth                        int       32    'd3                               
#   parent sequence (name)       string    3     seq                               
#   parent sequence (full name)  string    34    uvm_test_top.env.agent.sqr.seq.seq
#   sequencer                    string    26    uvm_test_top.env.agent.sqr        
# ---------------------------------------------------------------------------------
# ---------------------------------------------------------------------------------
# Name                           Type      Size  Value                             
# ---------------------------------------------------------------------------------
# req                            apb_tx    -     @700                              
#   addr                         integral  6     'he                               
#   data                         integral  32    'he9e80f0b                        
#   wr_rd                        integral  1     'h0                               
#   begin_time                   time      64    205                               
#   depth                        int       32    'd3                               
#   parent sequence (name)       string    3     seq                               
#   parent sequence (full name)  string    34    uvm_test_top.env.agent.sqr.seq.seq
#   sequencer                    string    26    uvm_test_top.env.agent.sqr        
# ---------------------------------------------------------------------------------
# ** Note: $finish    : F:/uvm_source_code/uvm-1.2/src/base/uvm_root.svh(517)
#    Time: 345 ns  Iteration: 67  Instance: /top
# 1
# Break in Task uvm_pkg/uvm_root::run_test at F:/uvm_source_code/uvm-1.2/src/base/uvm_root.svh line 517
do run.do
# QuestaSim-64 vlog 10.7c Compiler 2018.08 Aug 18 2018
# Start time: 16:42:48 on Sep 21,2023
# vlog -reportprogress 300 "+incdir+F:/uvm_source_code/uvm-1.2/src" top.sv 
# -- Compiling package uvm_pkg
# -- Compiling package top_sv_unit
# -- Importing package uvm_pkg
# -- Compiling interface apb_intf
# -- Compiling module apb_slave
# -- Compiling module top
# 
# Top level modules:
# 	top
# End time: 16:42:49 on Sep 21,2023, Elapsed time: 0:00:01
# Errors: 0, Warnings: 0
